*new*	5326574	"1212"	1	650101-1455111	1	1		1	1	1975/8/8		[18:56:18]
*new*	8685	"8685"	0	650101-1455111	0	0		0	0	1975/08/21		[18:56:27]
*new*	2429	"1212"	1	650101-1455111	1	1		1	1	1975/8/8		[18:58:22]
*new*	88772533	"0000000000"	000	650101-1455111	0	00		00	0	1988/1/1		[18:59:12]
*new*	qqq123	"123123"	1	650101-1455111	1	2		3	4	1980/1/1		[19:01:08]
*new*	6835081	"11111"	1	650101-1455111	1	1		1	1	1987/08/07		[19:01:51]
*new*	anan2002	"2419419"	1	650101-1455111	1	1		1	1	2002/02/02		[19:05:39]
*new*	qwe123	"123123"	1	650101-1455111	1	2		3	4	1980/1/1		[19:10:36]
*new*	3802	"1111"	1	650101-1455111	0	0		0	0	1988/02/02		[19:25:33]
*new*	zhou	"4132"	1	650101-1455111	1	1		1	1	1980/03/12		[19:26:41]
*new*	wang	"5582354"	123	650101-1455111	1	1		1	1	1991/01/01		[19:29:48]
*new*	6334430	"1111111111"	6334430	650101-1455111	6334430	6334430	6334430	6334430	6334430	1984/01/01		[19:37:44]
*new*	4132500	"4132"	1	650101-1455111	1	1		1	1	1975/08/21		[19:43:28]
*new*	6200	"520"	1	650101-1455111	1	1		1	1	1987/9/9		[20:25:21]
*new*	1001	"1001"	1	650101-1455111	1	1	1	1	1	1989/12/21		[20:27:14]
*new*	cx19860111	"0000000000"	0000000	650101-1455111	13	1	31	31	31	1986/01/11	31	[20:41:59]
*new*	xx12357	"12358a"	sa	650101-1455111	8	8		8	8	1988/8/8		[20:42:36]
*new*	qian1987	"shoujin"	1	650101-1455111	1	1		2	2	1987/02/20		[20:43:05]
*new*	qw2222	"234234"	5	650101-1455111	5	5	5	5	5	1977/09/15		[20:53:59]
*new*	donsen	"112233"	gvsdfv	650101-1455111	tewrt	er		ew	ewrew	1981/10/10		[23:01:55]
*new*	w3588	"1111"	1	650101-1455111	a	a		a	a	1993/05/22		[23:13:55]
*new*	110110	"123."	1	650101-1455111	1	1		1	11	1991/01/02		[23:42:50]
*new*	8282	"8282"	0	650101-1455111	0	0		0	0	1975/08/21		[23:54:56]
