*new*	jie123	"0324"	1	650101-1455111	1	1		1	1	1986/12/12		[0:35:45]
*new*	q01	"0324"	0324	650101-1455111	0324	0324		0324	0324	1981/03/24		[0:39:29]
*new*	5797	"5185"	1111	650101-1455111	1111	1111		1111	1111	1986/10/26		[6:45:45]
*new*	19920815	"1222222222"	11	650101-1455111	1	1		1	1	1992/08/15		[9:00:16]
*new*	19880905	"19880905"	19880905	650101-1455111	19880905	19880905		19880905	19880905	1988/09/05		[9:09:44]
*new*	bvvvvvvvvv	"bvvvvvvvvv"	bvvvvvvvvv	650101-1455111	bvvvvvvvvv	bvvvvvvvvv		bvvvvvvvvv	bvvvvvvvvv	1988/12/14		[9:09:53]
*new*	22524415	"19880126aa"	19880126	650101-1455111	55	55		55	55	1988/8/8		[9:12:29]
*new*	5706048a	"198861"	1	650101-1455111	1	1		1	1	1988/06/01		[9:22:42]
*new*	jinjin	"123456"	123	650101-1455111	123	123		123	123	1986/03/17		[9:26:53]
*new*	111	"111"	1	650101-1455111	1	1		1	1	1986/05/06		[9:31:01]
*new*	dh520	"7230531"	k	650101-1455111	hj	hj		h	j	1987/11/11		[9:32:34]
*new*	pp123	"1111111111"	1	650101-1455111	1	1		1	1	1987/1/6		[9:37:34]
*new*	zjd01	"zhaojiandi"	zhaojiandi	650101-1455111	1	1		1	1	1985/11/01		[9:53:19]
*new*	ii123	"1111111111"	1	650101-1455111	1	1		1	1	1987/1/6		[10:00:52]
*new*	wuyongqin	"jeffrey"	zhutao	650101-1455111	0	0	0	0	0	1988/12/12		[10:02:55]
*new*	530626	"530626"	qqq	650101-1455111	q	q		q	q	1993/3/3		[10:03:38]
*new*	2222	"6577"	1	650101-1455111	1	1		11	1	1980/08/08		[10:04:15]
*new*	6132120	"111111"	dadsa	650101-1455111	sada	da		da	d	1989/01/21		[10:05:12]
*new*	wk0324	"0324"	0324	650101-1455111	0324	0324		0324	0324	1981/03/24		[10:08:57]
*new*	631818	"1111"	obnpiono	650101-1455111	1	1		1	1	1984/08/26		[10:10:35]
*new*	3844	"3844"	5	650101-1455111	5	5		5	5	1975/01/01		[10:10:48]
*new*	14251862	"3036339"	3	650101-1455111	3	3		33	3	1989/05/03	3	[10:12:26]
*new*	wsh666	"1111111111"	1111111111	650101-1455111	11111111111111111111	111111111111		11111111111111111111	111111111111	1990/8/8		[10:12:53]
*new*	188688	"715405"	111	650101-1455111	111	111		111	111	1985/12/12		[10:14:56]
*new*	7790721	"7790721"	7790721	650101-1455111	7790721	7790721		7790721	7790721	1984/01/25		[10:15:13]
*new*	3805	"qqqqqqqqqq"	1	650101-1455111	1	1		1	1	1987/08/21		[10:15:52]
*new*	7690285	"1111111111"	11	650101-1455111	a	a		a	a	1975/8/8		[10:22:34]
*new*	110120	"1111111111"	a	650101-1455111	a	a		a	a	1992/09/23		[10:22:45]
*new*	yunshao	"wangji"	19	650101-1455111	21	2	2	2	2	1990/06/22		[10:26:38]
*new*	28888899	"2100000000"	1	650101-1455111	8	8		8	8	1988/8/8		[10:28:02]
*new*	hebin88	"1111111111"	1111111111	650101-1455111	11111111	1111111		111111	1111111	1976/10/03		[10:30:35]
*new*	745441007	"123123"	1	650101-1455111	5	5		5	5	1975/08/21		[10:34:13]
*new*	huhaiqingc	"huhaiqingc"	5	650101-1455111	2	2		2	2	1987/02/02		[11:05:10]
*new*	jeffrey	"wuyongqin"	zhutao	650101-1455111	0	0	0	0	0	1988/12/12		[11:17:42]
*new*	256049	"1111"	1111	650101-1455111	1961651	6549616516	1651	51561651	65165165165	1991/1/1		[11:25:52]
*new*	j0324	"0324"	1	650101-1455111	1	1		1	1	1986/12/12		[11:28:46]
*new*	632828	"1111"	ILGIO	650101-1455111	1	1		1	1	1984/08/26		[11:56:26]
*new*	qw3256142	"3256142"	1	650101-1455111	1	1		1	1	1990/03/20		[12:21:04]
*new*	www521nmj	"www521nmj."	sdfdsf	650101-1455111	11111111111111111111	111111111111		22222222222222222222	222222222222	1987/06/01		[12:38:35]
*new*	qaz	"wang"	0	650101-1455111	0	0		0	0	1989/08/28		[12:45:40]
*new*	11111	"qqqqq"	321	650101-1455111	321	321		321	321	1975/8/8		[13:00:33]
*new*	duan11	"qqqqq"	321	650101-1455111	321	321		321	321	1975/8/8		[13:24:10]
*new*	duan22	"qqqqq"	321	650101-1455111	321	321		321	321	1975/8/8		[13:24:20]
*new*	hexin	"zhendeaini"	hexin	650101-1455111	1	1		1	1	1981/10/11		[13:30:33]
